2019-11-07 10:33:20 [INFO] Bot - Attempting to login...
2019-11-07 14:17:44 [INFO] Bot - Attempting to login with email "bot@admin.com"...
2019-11-07 14:17:44 [INFO] Bot - Logged in.
2019-11-07 14:18:06 [INFO] Bot - Given message "12" from admin@admin.com.
2019-11-07 14:18:06 [INFO] Bot - Message "12" sent to admin@admin.com.
2019-11-07 14:20:20 [INFO] Bot - Attempting to login with email "bot@admin.com"...
2019-11-07 14:20:20 [INFO] Bot - Logged in.
2019-11-07 14:22:57 [INFO] Bot - Attempting to login with email "bot@admin.com"...
2019-11-07 14:22:57 [INFO] Bot - Logged in.
2019-11-07 14:24:20 [INFO] Bot - Attempting to login with email "bot@admin.com"...
2019-11-07 14:24:22 [INFO] Bot - Logged in.
2019-11-07 14:24:31 [INFO] Bot - Given message "ds" from admin@admin.com.
2019-11-07 14:24:31 [INFO] Bot - Message "ds" sent to admin@admin.com.
2019-11-07 14:25:40 [INFO] Bot - Attempting to login with email "bot@admin.com"...
2019-11-07 14:26:04 [INFO] Bot - Attempting to login with email "bot@admin.com"...
2019-11-07 14:26:06 [INFO] Bot - Logged in.
2019-11-07 14:28:18 [INFO] Bot - Attempting to login with email "bot@admin.com"...
2019-11-07 14:28:18 [INFO] Bot - Logged in.
2019-11-07 14:28:34 [INFO] Bot - Attempting to login with email "bot@admin.com"...
2019-11-07 14:28:44 [INFO] Bot - Attempting to login with email "bot@admin.com"...
2019-11-07 14:28:51 [INFO] Bot - Attempting to login with email "bot@admin.com"...
2019-11-07 14:28:52 [INFO] Bot - Logged in.
2019-11-07 14:31:37 [INFO] Bot - Attempting to login with email "bot@admin.com"...
2019-11-07 14:31:47 [INFO] Bot - Attempting to login with email "bot@admin.com"...
2019-11-07 14:31:47 [INFO] Bot - Logged in.
2019-11-07 14:31:59 [INFO] Bot - Given message "a" from admin@admin.com.
2019-11-07 14:31:59 [INFO] Bot - Message "a" sent to admin@admin.com.
2019-11-07 14:39:01 [INFO] Bot - Attempting to login with email "bot@admin.com"...
2019-11-07 14:39:02 [INFO] Bot - Logged in.
2019-11-07 14:42:15 [INFO] Bot - Attempting to login with email "bot@admin.com"...
2019-11-07 14:42:15 [INFO] Bot - Logged in.
2019-11-07 14:44:43 [INFO] Bot - Attempting to login with email "bot@admin.com"...
2019-11-07 14:44:43 [INFO] Bot - Logged in.
2019-11-07 14:46:02 [INFO] Bot - Attempting to login with email "bot@admin.com"...
2019-11-07 14:46:27 [INFO] Bot - Attempting to login with email "bot@admin.com"...
2019-11-07 17:10:23 [INFO] Bot - Attempting to login with email "bot@admin.com"...
2019-11-07 17:11:48 [INFO] Bot - Attempting to login with email "bot@admin.com"...
2019-11-07 17:11:49 [INFO] Bot - Logged in.
2019-11-07 17:12:19 [INFO] Bot - Given message "test" from admin@admin.com.
2019-11-07 17:12:19 [INFO] Bot - Message "test" sent to admin@admin.com.
2019-11-07 17:12:24 [INFO] Bot - Given message "fd" from admin@admin.com.
2019-11-07 17:12:24 [INFO] Bot - Message "fd" sent to admin@admin.com.
2019-11-07 17:12:28 [INFO] Bot - Given message "hello" from admin@admin.com.
2019-11-07 17:12:28 [INFO] Bot - Message "hello" sent to admin@admin.com.
2019-11-07 17:12:45 [INFO] Bot - Given message "dsa" from admin@admin.com.
2019-11-07 17:12:45 [INFO] Bot - Message "dsa" sent to admin@admin.com.
2019-11-07 17:12:48 [INFO] Bot - Given message "fdfsd" from admin@admin.com.
2019-11-07 17:12:48 [INFO] Bot - Message "fdfsd" sent to admin@admin.com.
2019-11-07 17:12:50 [INFO] Bot - Given message "fsd" from admin@admin.com.
2019-11-07 17:12:50 [INFO] Bot - Message "fsd" sent to admin@admin.com.
2019-11-07 17:12:51 [INFO] Bot - Given message "fsd" from admin@admin.com.
2019-11-07 17:12:51 [INFO] Bot - Message "fsd" sent to admin@admin.com.
2019-11-07 17:12:52 [INFO] Bot - Given message "fsd" from admin@admin.com.
2019-11-07 17:12:52 [INFO] Bot - Message "fsd" sent to admin@admin.com.
2019-11-07 17:12:53 [INFO] Bot - Given message "fsd" from admin@admin.com.
2019-11-07 17:12:53 [INFO] Bot - Message "fsd" sent to admin@admin.com.
2019-11-07 17:12:54 [INFO] Bot - Given message "das" from admin@admin.com.
2019-11-07 17:12:54 [INFO] Bot - Message "das" sent to admin@admin.com.
2019-11-07 17:12:55 [INFO] Bot - Given message "gfd" from admin@admin.com.
2019-11-07 17:12:55 [INFO] Bot - Message "gfd" sent to admin@admin.com.
2019-11-07 17:12:56 [INFO] Bot - Given message "bcv" from admin@admin.com.
2019-11-07 17:12:56 [INFO] Bot - Message "bcv" sent to admin@admin.com.
2019-11-07 17:12:57 [INFO] Bot - Given message "bcvbcv" from admin@admin.com.
2019-11-07 17:12:57 [INFO] Bot - Message "bcvbcv" sent to admin@admin.com.
2019-11-07 17:12:57 [INFO] Bot - Given message "b" from admin@admin.com.
2019-11-07 17:12:57 [INFO] Bot - Message "b" sent to admin@admin.com.
2019-11-07 17:12:57 [INFO] Bot - Given message "cv" from admin@admin.com.
2019-11-07 17:12:58 [INFO] Bot - Message "cv" sent to admin@admin.com.
2019-11-07 17:12:58 [INFO] Bot - Given message "bc" from admin@admin.com.
2019-11-07 17:12:58 [INFO] Bot - Message "bc" sent to admin@admin.com.
2019-11-07 17:12:58 [INFO] Bot - Given message "b" from admin@admin.com.
2019-11-07 17:12:58 [INFO] Bot - Message "b" sent to admin@admin.com.
2019-11-07 17:12:58 [INFO] Bot - Given message "c" from admin@admin.com.
2019-11-07 17:12:58 [INFO] Bot - Message "c" sent to admin@admin.com.
2019-11-07 17:12:58 [INFO] Bot - Given message "bc" from admin@admin.com.
2019-11-07 17:12:59 [INFO] Bot - Message "bc" sent to admin@admin.com.
2019-11-07 17:13:00 [INFO] Bot - Given message "bcbcvbcv" from admin@admin.com.
2019-11-07 17:13:01 [INFO] Bot - Message "bcbcvbcv" sent to admin@admin.com.
2019-11-07 17:13:02 [INFO] Bot - Given message "bcvbdfbd" from admin@admin.com.
2019-11-07 17:13:03 [INFO] Bot - Message "bcvbdfbd" sent to admin@admin.com.
2019-11-07 17:13:04 [INFO] Bot - Given message "gfdgagre" from admin@admin.com.
2019-11-07 17:13:04 [INFO] Bot - Message "gfdgagre" sent to admin@admin.com.
2019-11-07 17:13:06 [INFO] Bot - Given message "bcvxbbda" from admin@admin.com.
2019-11-07 17:13:06 [INFO] Bot - Message "bcvxbbda" sent to admin@admin.com.
2019-11-07 17:13:31 [INFO] Bot - Given message "dfdsgsd" from admin@admin.com.
2019-11-07 17:13:31 [INFO] Bot - Message "dfdsgsd" sent to admin@admin.com.
2019-11-07 17:13:33 [INFO] Bot - Given message "fsdf" from admin@admin.com.
2019-11-07 17:13:33 [INFO] Bot - Message "fsdf" sent to admin@admin.com.
2019-11-07 17:13:35 [INFO] Bot - Given message "fsAS" from admin@admin.com.
2019-11-07 17:13:35 [INFO] Bot - Message "fsAS" sent to admin@admin.com.
2019-11-07 17:13:36 [INFO] Bot - Given message "FR3W34" from admin@admin.com.
2019-11-07 17:13:37 [INFO] Bot - Message "FR3W34" sent to admin@admin.com.
2019-11-07 17:13:46 [INFO] Bot - Given message "CSAD" from admin@admin.com.
2019-11-07 17:13:46 [INFO] Bot - Message "CSAD" sent to admin@admin.com.
2019-11-07 17:14:12 [INFO] Bot - Given message "rwetw" from admin@admin.com.
2019-11-07 17:14:12 [INFO] Bot - Message "rwetw" sent to admin@admin.com.
2019-11-07 17:14:17 [INFO] Bot - Given message "52ttergdf" from admin1@admin.com.
2019-11-07 17:14:17 [INFO] Bot - Message "52ttergdf" sent to admin1@admin.com.
2019-11-07 17:14:19 [INFO] Bot - Given message "gasgasd" from admin1@admin.com.
2019-11-07 17:14:19 [INFO] Bot - Message "gasgasd" sent to admin1@admin.com.
2019-11-07 17:15:23 [INFO] Bot - Attempting to login with email "bot@admin.com"...
2019-11-07 17:15:24 [INFO] Bot - Logged in.
2019-11-07 17:15:44 [INFO] Bot - Given message "test" from admin@admin.com.
2019-11-07 17:15:44 [INFO] Bot - Message "test" sent to admin@admin.com.
2019-11-07 17:15:47 [INFO] Bot - Given message "abc" from admin1@admin.com.
2019-11-07 17:15:48 [INFO] Bot - Message "abc" sent to admin1@admin.com.
2019-11-07 17:15:53 [INFO] Bot - Given message "i ya terpel" from admin@admin.com.
2019-11-07 17:15:54 [INFO] Bot - Message "i ya terpel" sent to admin@admin.com.
2019-11-07 17:15:58 [INFO] Bot - Given message "chtob fs" from admin1@admin.com.
2019-11-07 17:15:58 [INFO] Bot - Message "chtob fs" sent to admin1@admin.com.
2019-11-07 17:15:59 [INFO] Bot - Given message "fsd" from admin1@admin.com.
2019-11-07 17:15:59 [INFO] Bot - Message "fsd" sent to admin1@admin.com.
2019-11-07 17:16:00 [INFO] Bot - Given message "gf" from admin1@admin.com.
2019-11-07 17:16:00 [INFO] Bot - Message "gf" sent to admin1@admin.com.
2019-11-07 17:16:02 [INFO] Bot - Given message "wrq" from admin1@admin.com.
2019-11-07 17:16:02 [INFO] Bot - Message "wrq" sent to admin1@admin.com.
2019-11-07 17:16:04 [INFO] Bot - Given message "dfgdf" from admin1@admin.com.
2019-11-07 17:16:04 [INFO] Bot - Message "dfgdf" sent to admin1@admin.com.
2019-11-07 17:16:07 [INFO] Bot - Given message "er233" from admin@admin.com.
2019-11-07 17:16:07 [INFO] Bot - Message "er233" sent to admin@admin.com.
2019-11-07 17:16:09 [INFO] Bot - Given message "fsvs" from admin@admin.com.
2019-11-07 17:16:09 [INFO] Bot - Message "fsvs" sent to admin@admin.com.
2019-11-07 17:49:48 [INFO] Bot - Attempting to login with email "bot@admin.com"...
2019-11-07 17:50:15 [INFO] Bot - Attempting to login with email "bot@admin.com"...
2019-11-07 17:50:15 [INFO] Bot - Logged in.
2019-11-07 17:50:25 [INFO] Bot - Given message "test" from admin@admin.com.
2019-11-07 17:51:35 [INFO] Bot - Attempting to login with email "bot@admin.com"...
2019-11-07 17:51:36 [INFO] Bot - Logged in.
2019-11-07 17:51:42 [INFO] Bot - Given message "test" from admin@admin.com.
2019-11-07 17:53:03 [INFO] Bot - Attempting to login with email "bot@admin.com"...
2019-11-07 17:53:03 [INFO] Bot - Logged in.
2019-11-07 17:53:08 [INFO] Bot - Given message "test" from admin@admin.com.
2019-11-07 17:54:21 [INFO] Bot - Attempting to login with email "bot@admin.com"...
2019-11-07 17:54:21 [INFO] Bot - Logged in.
2019-11-07 17:54:28 [INFO] Bot - Given message "test" from admin@admin.com.
2019-11-07 17:54:48 [INFO] Bot - Attempting to login with email "bot@admin.com"...
2019-11-07 17:54:48 [INFO] Bot - Logged in.
2019-11-07 17:54:56 [INFO] Bot - Given message "ds" from admin@admin.com.
2019-11-07 17:56:38 [INFO] Bot - Attempting to login with email "bot@admin.com"...
2019-11-07 17:56:38 [INFO] Bot - Logged in.
2019-11-07 17:56:48 [INFO] Bot - Given message "test" from admin@admin.com.
2019-11-07 17:56:48 [INFO] Bot - Message "test" sent to admin@admin.com.
2019-11-07 17:56:52 [INFO] Bot - Given message "exa" from admin@admin.com.
2019-11-07 17:56:52 [INFO] Bot - Message "exa" sent to admin@admin.com.
2019-11-07 17:57:34 [INFO] Bot - Given message "hey" from admin1@admin.com.
2019-11-07 17:57:34 [INFO] Bot - Message "hey" sent to admin1@admin.com.
2019-11-07 17:57:37 [INFO] Bot - Given message "ur" from admin1@admin.com.
2019-11-07 17:57:37 [INFO] Bot - Message "ur" sent to admin1@admin.com.
2019-11-07 17:57:47 [INFO] Bot - Given message "das" from admin@admin.com.
2019-11-07 17:57:47 [INFO] Bot - Message "das" sent to admin@admin.com.
2019-11-07 17:57:52 [INFO] Bot - Given message "fsd" from admin1@admin.com.
2019-11-07 17:57:52 [INFO] Bot - Message "fsd" sent to admin1@admin.com.
2019-11-07 18:05:39 [INFO] Bot - Attempting to login with email "bot@admin.com"...
2019-11-07 23:48:48 [INFO] Bot - Attempting to login with email "bot@admin.com"...
2019-11-07 23:48:48 [INFO] Bot - Logged in.
2019-11-07 23:49:13 [INFO] Bot - Given message "hello" from admin@admin.com.
2019-11-07 23:49:13 [INFO] Bot - Message "hello" sent to admin@admin.com.
2019-11-07 23:49:19 [INFO] Bot - Given message "test" from d3lph1.contact@gmail.com.
2019-11-07 23:49:19 [INFO] Bot - Message "test" sent to d3lph1.contact@gmail.com.
2019-11-07 23:49:22 [INFO] Bot - Given message "1" from admin@admin.com.
2019-11-07 23:49:22 [INFO] Bot - Message "1" sent to admin@admin.com.
2019-11-07 23:49:24 [INFO] Bot - Given message "das" from admin@admin.com.
2019-11-07 23:49:24 [INFO] Bot - Message "das" sent to admin@admin.com.
2019-11-07 23:49:27 [INFO] Bot - Given message "hey" from d3lph1.contact@gmail.com.
2019-11-07 23:49:27 [INFO] Bot - Message "hey" sent to d3lph1.contact@gmail.com.
2019-11-07 23:49:29 [INFO] Bot - Given message "hey" from d3lph1.contact@gmail.com.
2019-11-07 23:49:30 [INFO] Bot - Message "hey" sent to d3lph1.contact@gmail.com.
2019-11-07 23:49:32 [INFO] Bot - Given message "123" from admin@admin.com.
2019-11-07 23:49:33 [INFO] Bot - Message "123" sent to admin@admin.com.
2019-11-07 23:49:34 [INFO] Bot - Given message "75" from admin@admin.com.
2019-11-07 23:49:35 [INFO] Bot - Message "75" sent to admin@admin.com.
2019-11-07 23:49:36 [INFO] Bot - Given message "45" from admin@admin.com.
2019-11-07 23:49:36 [INFO] Bot - Message "45" sent to admin@admin.com.
2019-11-07 23:49:39 [INFO] Bot - Given message "5251" from d3lph1.contact@gmail.com.
2019-11-07 23:49:39 [INFO] Bot - Message "5251" sent to d3lph1.contact@gmail.com.
2019-11-08 00:03:11 [INFO] Bot - Attempting to login with email "bot@admin.com"...
2019-11-08 00:03:11 [INFO] Bot - Logged in.
2019-11-08 00:03:37 [INFO] Bot - Given message "hu" from d3lph1.contact@gmail.com.
2019-11-08 00:03:37 [INFO] Bot - Message "hu" sent to d3lph1.contact@gmail.com.
2019-11-08 00:08:47 [INFO] Bot - Attempting to login with email "bot@admin.com"...
2019-11-08 00:08:47 [INFO] Bot - Logged in.
2019-11-08 00:08:56 [INFO] Bot - Given message "я пажилой паук" from admin@pauchok.com.
2019-11-08 00:08:57 [INFO] Bot - Message "я пажилой паук" sent to admin@pauchok.com.
2019-11-08 00:09:05 [INFO] Bot - Given message "я енотик полоскун" from admin@pauchok.com.
2019-11-08 00:09:05 [INFO] Bot - Message "я енотик полоскун" sent to admin@pauchok.com.
2019-11-08 00:12:28 [INFO] Bot - Given message "пап" from admin@pauchok.com.
2019-11-08 00:12:28 [INFO] Bot - Message "пап" sent to admin@pauchok.com.
2019-11-08 00:12:58 [INFO] Bot - Given message "ерпр" from admin@pauchok.com.
2019-11-08 00:12:58 [INFO] Bot - Message "ерпр" sent to admin@pauchok.com.
2019-11-08 00:12:58 [INFO] Bot - Given message "пав" from admin@pauchok.com.
2019-11-08 00:12:58 [INFO] Bot - Message "пав" sent to admin@pauchok.com.
2019-11-08 00:13:04 [INFO] Bot - Given message "чсма" from admin@pauchok.com.
2019-11-08 00:13:04 [INFO] Bot - Message "чсма" sent to admin@pauchok.com.
2019-11-08 00:13:06 [INFO] Bot - Given message "ыва" from admin@pauchok.com.
2019-11-08 00:13:07 [INFO] Bot - Message "ыва" sent to admin@pauchok.com.
2019-11-08 00:13:09 [INFO] Bot - Given message "ваивпт" from admin@pauchok.com.
2019-11-08 00:13:09 [INFO] Bot - Message "ваивпт" sent to admin@pauchok.com.
2019-11-08 00:13:11 [INFO] Bot - Given message "аптваипваи" from admin@pauchok.com.
2019-11-08 00:13:12 [INFO] Bot - Message "аптваипваи" sent to admin@pauchok.com.
2019-11-08 00:49:41 [INFO] Bot - Attempting to login with email "bot@admin.com"...
2019-11-08 00:49:42 [INFO] Bot - Logged in.
2019-11-08 00:51:33 [INFO] Bot - Given message "ва" from admin@t.com.
2019-11-08 00:51:33 [INFO] Bot - Message "ва" sent to admin@t.com.
2019-11-08 00:51:33 [INFO] Bot - Given message "а" from admin@t.com.
2019-11-08 00:51:34 [INFO] Bot - Message "а" sent to admin@t.com.
2019-11-08 00:51:34 [INFO] Bot - Given message "а" from admin@t.com.
2019-11-08 00:51:34 [INFO] Bot - Message "а" sent to admin@t.com.
2019-11-08 00:51:34 [INFO] Bot - Given message "а" from admin@t.com.
2019-11-08 00:51:34 [INFO] Bot - Message "а" sent to admin@t.com.
2019-11-08 00:51:34 [INFO] Bot - Given message "а" from admin@t.com.
2019-11-08 00:51:34 [INFO] Bot - Message "а" sent to admin@t.com.
2019-11-08 00:51:34 [INFO] Bot - Given message "аа" from admin@t.com.
2019-11-08 00:51:34 [INFO] Bot - Message "аа" sent to admin@t.com.
2019-11-08 00:51:34 [INFO] Bot - Given message "а" from admin@t.com.
2019-11-08 00:51:35 [INFO] Bot - Message "а" sent to admin@t.com.
2019-11-08 00:51:35 [INFO] Bot - Given message "а" from admin@t.com.
2019-11-08 00:51:35 [INFO] Bot - Message "а" sent to admin@t.com.
2019-11-08 00:51:35 [INFO] Bot - Given message "а" from admin@t.com.
2019-11-08 00:51:35 [INFO] Bot - Message "а" sent to admin@t.com.
2019-11-08 00:51:35 [INFO] Bot - Given message "а" from admin@t.com.
2019-11-08 00:51:35 [INFO] Bot - Message "а" sent to admin@t.com.
2019-11-08 00:51:35 [INFO] Bot - Given message "а" from admin@t.com.
2019-11-08 00:51:36 [INFO] Bot - Message "а" sent to admin@t.com.
2019-11-08 00:51:36 [INFO] Bot - Given message "аа" from admin@t.com.
2019-11-08 00:51:36 [INFO] Bot - Message "аа" sent to admin@t.com.
2019-11-08 00:51:36 [INFO] Bot - Given message "313" from d3lph1.contact@gmail.com.
2019-11-08 00:51:36 [INFO] Bot - Message "313" sent to d3lph1.contact@gmail.com.
2019-11-08 00:51:36 [INFO] Bot - Given message "12" from d3lph1.contact@gmail.com.
2019-11-08 00:51:36 [INFO] Bot - Message "12" sent to d3lph1.contact@gmail.com.
2019-11-08 00:51:36 [INFO] Bot - Given message "аа" from admin@t.com.
2019-11-08 00:51:36 [INFO] Bot - Message "аа" sent to admin@t.com.
2019-11-08 00:51:36 [INFO] Bot - Given message "321" from d3lph1.contact@gmail.com.
2019-11-08 00:51:37 [INFO] Bot - Message "321" sent to d3lph1.contact@gmail.com.
2019-11-08 00:51:37 [INFO] Bot - Given message "3" from d3lph1.contact@gmail.com.
2019-11-08 00:51:37 [INFO] Bot - Message "3" sent to d3lph1.contact@gmail.com.
2019-11-08 00:51:37 [INFO] Bot - Given message "а" from admin@t.com.
2019-11-08 00:51:37 [INFO] Bot - Message "а" sent to admin@t.com.
2019-11-08 00:51:37 [INFO] Bot - Given message "12" from d3lph1.contact@gmail.com.
2019-11-08 00:51:37 [INFO] Bot - Message "12" sent to d3lph1.contact@gmail.com.
2019-11-08 00:51:37 [INFO] Bot - Given message "а" from admin@t.com.
2019-11-08 00:51:37 [INFO] Bot - Message "а" sent to admin@t.com.
2019-11-08 00:51:37 [INFO] Bot - Given message "а" from admin@t.com.
2019-11-08 00:51:37 [INFO] Bot - Message "а" sent to admin@t.com.
2019-11-08 00:51:37 [INFO] Bot - Given message "а" from admin@t.com.
2019-11-08 00:51:37 [INFO] Bot - Message "а" sent to admin@t.com.
2019-11-08 00:51:37 [INFO] Bot - Given message "а" from admin@t.com.
2019-11-08 00:51:38 [INFO] Bot - Message "а" sent to admin@t.com.
2019-11-08 00:51:38 [INFO] Bot - Given message "а" from admin@t.com.
2019-11-08 00:51:38 [INFO] Bot - Message "а" sent to admin@t.com.
2019-11-08 00:51:38 [INFO] Bot - Given message "а" from admin@t.com.
2019-11-08 00:51:38 [INFO] Bot - Message "а" sent to admin@t.com.
2019-11-08 00:51:38 [INFO] Bot - Given message "а" from admin@t.com.
2019-11-08 00:51:38 [INFO] Bot - Message "а" sent to admin@t.com.
2019-11-08 00:51:38 [INFO] Bot - Given message "а" from admin@t.com.
2019-11-08 00:51:39 [INFO] Bot - Message "а" sent to admin@t.com.
2019-11-08 00:51:39 [INFO] Bot - Given message "а" from admin@t.com.
2019-11-08 00:51:39 [INFO] Bot - Message "а" sent to admin@t.com.
2019-11-08 00:51:39 [INFO] Bot - Given message "а" from admin@t.com.
2019-11-08 00:51:39 [INFO] Bot - Message "а" sent to admin@t.com.
2019-11-08 00:51:39 [INFO] Bot - Given message "а" from admin@t.com.
2019-11-08 00:51:39 [INFO] Bot - Message "а" sent to admin@t.com.
2019-11-08 00:51:39 [INFO] Bot - Given message "а" from admin@t.com.
2019-11-08 00:51:39 [INFO] Bot - Message "а" sent to admin@t.com.
2019-11-08 00:51:39 [INFO] Bot - Given message "а" from admin@t.com.
2019-11-08 00:51:39 [INFO] Bot - Message "а" sent to admin@t.com.
2019-11-08 00:51:39 [INFO] Bot - Given message "321" from d3lph1.contact@gmail.com.
2019-11-08 00:51:39 [INFO] Bot - Message "321" sent to d3lph1.contact@gmail.com.
2019-11-08 00:51:39 [INFO] Bot - Given message "а" from admin@t.com.
2019-11-08 00:51:40 [INFO] Bot - Message "а" sent to admin@t.com.
2019-11-08 00:51:40 [INFO] Bot - Given message "312" from d3lph1.contact@gmail.com.
2019-11-08 00:51:40 [INFO] Bot - Message "312" sent to d3lph1.contact@gmail.com.
2019-11-08 00:51:40 [INFO] Bot - Given message "а" from admin@t.com.
2019-11-08 00:51:40 [INFO] Bot - Message "а" sent to admin@t.com.
2019-11-08 00:51:40 [INFO] Bot - Given message "аа" from admin@t.com.
2019-11-08 00:51:40 [INFO] Bot - Message "аа" sent to admin@t.com.
2019-11-08 00:51:40 [INFO] Bot - Given message "а" from admin@t.com.
2019-11-08 00:51:41 [INFO] Bot - Message "а" sent to admin@t.com.
2019-11-08 00:51:41 [INFO] Bot - Given message "а" from admin@t.com.
2019-11-08 00:51:41 [INFO] Bot - Message "а" sent to admin@t.com.
2019-11-08 00:51:41 [INFO] Bot - Given message "321321" from d3lph1.contact@gmail.com.
2019-11-08 00:51:41 [INFO] Bot - Message "321321" sent to d3lph1.contact@gmail.com.
2019-11-08 00:51:41 [INFO] Bot - Given message "а" from admin@t.com.
2019-11-08 00:51:41 [INFO] Bot - Message "а" sent to admin@t.com.
2019-11-08 00:51:41 [INFO] Bot - Given message "а" from admin@t.com.
2019-11-08 00:51:42 [INFO] Bot - Message "а" sent to admin@t.com.
2019-11-08 00:51:42 [INFO] Bot - Given message "а" from admin@t.com.
2019-11-08 00:51:42 [INFO] Bot - Message "а" sent to admin@t.com.
2019-11-08 00:51:42 [INFO] Bot - Given message "а" from admin@t.com.
2019-11-08 00:51:42 [INFO] Bot - Message "а" sent to admin@t.com.
2019-11-08 00:51:42 [INFO] Bot - Given message "а" from admin@t.com.
2019-11-08 00:51:42 [INFO] Bot - Message "а" sent to admin@t.com.
2019-11-08 00:51:42 [INFO] Bot - Given message "аа" from admin@t.com.
2019-11-08 00:51:42 [INFO] Bot - Message "аа" sent to admin@t.com.
2019-11-08 00:51:42 [INFO] Bot - Given message "а" from admin@t.com.
2019-11-08 00:51:42 [INFO] Bot - Message "а" sent to admin@t.com.
2019-11-08 00:51:42 [INFO] Bot - Given message "а" from admin@t.com.
2019-11-08 00:51:42 [INFO] Bot - Message "а" sent to admin@t.com.
2019-11-08 00:51:42 [INFO] Bot - Given message "а" from admin@t.com.
2019-11-08 00:51:43 [INFO] Bot - Message "а" sent to admin@t.com.
2019-11-08 00:51:43 [INFO] Bot - Given message "а" from admin@t.com.
2019-11-08 00:51:43 [INFO] Bot - Message "а" sent to admin@t.com.
2019-11-08 00:51:43 [INFO] Bot - Given message "а" from admin@t.com.
2019-11-08 00:51:43 [INFO] Bot - Message "а" sent to admin@t.com.
2019-11-08 00:51:43 [INFO] Bot - Given message "а" from admin@t.com.
2019-11-08 00:51:43 [INFO] Bot - Message "а" sent to admin@t.com.
2019-11-08 00:51:43 [INFO] Bot - Given message "312" from d3lph1.contact@gmail.com.
2019-11-08 00:51:43 [INFO] Bot - Message "312" sent to d3lph1.contact@gmail.com.
2019-11-08 00:51:44 [INFO] Bot - Given message "3" from d3lph1.contact@gmail.com.
2019-11-08 00:51:44 [INFO] Bot - Message "3" sent to d3lph1.contact@gmail.com.
2019-11-08 00:51:44 [INFO] Bot - Given message "12" from d3lph1.contact@gmail.com.
2019-11-08 00:51:44 [INFO] Bot - Message "12" sent to d3lph1.contact@gmail.com.
2019-11-08 00:51:44 [INFO] Bot - Given message "3" from d3lph1.contact@gmail.com.
2019-11-08 00:51:44 [INFO] Bot - Message "3" sent to d3lph1.contact@gmail.com.
2019-11-08 00:51:44 [INFO] Bot - Given message "123" from d3lph1.contact@gmail.com.
2019-11-08 00:51:44 [INFO] Bot - Message "123" sent to d3lph1.contact@gmail.com.
2019-11-08 00:51:44 [INFO] Bot - Given message "12" from d3lph1.contact@gmail.com.
2019-11-08 00:51:44 [INFO] Bot - Message "12" sent to d3lph1.contact@gmail.com.
2019-11-08 00:51:44 [INFO] Bot - Given message "123" from d3lph1.contact@gmail.com.
2019-11-08 00:51:45 [INFO] Bot - Message "123" sent to d3lph1.contact@gmail.com.
2019-11-08 00:51:45 [INFO] Bot - Given message "123" from d3lph1.contact@gmail.com.
2019-11-08 00:51:45 [INFO] Bot - Message "123" sent to d3lph1.contact@gmail.com.
2019-11-08 00:51:45 [INFO] Bot - Given message "312" from d3lph1.contact@gmail.com.
2019-11-08 00:51:45 [INFO] Bot - Message "312" sent to d3lph1.contact@gmail.com.
2019-11-08 00:51:45 [INFO] Bot - Given message "3" from d3lph1.contact@gmail.com.
2019-11-08 00:51:45 [INFO] Bot - Message "3" sent to d3lph1.contact@gmail.com.
2019-11-08 00:51:45 [INFO] Bot - Given message "123" from d3lph1.contact@gmail.com.
2019-11-08 00:51:45 [INFO] Bot - Message "123" sent to d3lph1.contact@gmail.com.
2019-11-08 00:51:45 [INFO] Bot - Given message "12" from d3lph1.contact@gmail.com.
2019-11-08 00:51:45 [INFO] Bot - Message "12" sent to d3lph1.contact@gmail.com.
2019-11-08 00:51:45 [INFO] Bot - Given message "12" from d3lph1.contact@gmail.com.
2019-11-08 00:51:45 [INFO] Bot - Message "12" sent to d3lph1.contact@gmail.com.
2019-11-08 00:51:45 [INFO] Bot - Given message "3" from d3lph1.contact@gmail.com.
2019-11-08 00:51:46 [INFO] Bot - Message "3" sent to d3lph1.contact@gmail.com.
2019-11-08 00:51:46 [INFO] Bot - Given message "12" from d3lph1.contact@gmail.com.
2019-11-08 00:51:46 [INFO] Bot - Message "12" sent to d3lph1.contact@gmail.com.
2019-11-08 00:51:46 [INFO] Bot - Given message "ы" from admin@t.com.
2019-11-08 00:51:46 [INFO] Bot - Message "ы" sent to admin@t.com.
2019-11-08 00:51:46 [INFO] Bot - Given message "па" from admin@t.com.
2019-11-08 00:51:46 [INFO] Bot - Message "па" sent to admin@t.com.
2019-11-08 00:51:46 [INFO] Bot - Given message "вк" from admin@t.com.
2019-11-08 00:51:46 [INFO] Bot - Message "вк" sent to admin@t.com.
2019-11-08 00:51:46 [INFO] Bot - Given message "р" from admin@t.com.
2019-11-08 00:51:47 [INFO] Bot - Message "р" sent to admin@t.com.
2019-11-08 00:51:47 [INFO] Bot - Given message "апр" from admin@t.com.
2019-11-08 00:51:47 [INFO] Bot - Message "апр" sent to admin@t.com.
2019-11-08 00:51:47 [INFO] Bot - Given message "Сука Блять" from adminb@admin.com.
2019-11-08 00:51:47 [INFO] Bot - Message "Сука Блять" sent to adminb@admin.com.
2019-11-08 00:51:47 [INFO] Bot - Given message "ап" from admin@t.com.
2019-11-08 00:51:47 [INFO] Bot - Message "ап" sent to admin@t.com.
2019-11-08 00:51:47 [INFO] Bot - Given message "п" from admin@t.com.
2019-11-08 00:51:47 [INFO] Bot - Message "п" sent to admin@t.com.
2019-11-08 00:51:48 [INFO] Bot - Given message "а" from admin@t.com.
2019-11-08 00:51:48 [INFO] Bot - Message "а" sent to admin@t.com.
2019-11-08 00:51:48 [INFO] Bot - Given message "апр" from admin@t.com.
2019-11-08 00:51:48 [INFO] Bot - Message "апр" sent to admin@t.com.
2019-11-08 00:51:48 [INFO] Bot - Given message "412412" from d3lph1.contact@gmail.com.
2019-11-08 00:51:48 [INFO] Bot - Message "412412" sent to d3lph1.contact@gmail.com.
2019-11-08 00:51:48 [INFO] Bot - Given message "ар" from admin@t.com.
2019-11-08 00:51:48 [INFO] Bot - Message "ар" sent to admin@t.com.
2019-11-08 00:51:48 [INFO] Bot - Given message "апр" from admin@t.com.
2019-11-08 00:51:49 [INFO] Bot - Message "апр" sent to admin@t.com.
2019-11-08 00:51:49 [INFO] Bot - Given message "412" from d3lph1.contact@gmail.com.
2019-11-08 00:51:49 [INFO] Bot - Message "412" sent to d3lph1.contact@gmail.com.
2019-11-08 00:51:49 [INFO] Bot - Given message "4" from d3lph1.contact@gmail.com.
2019-11-08 00:51:49 [INFO] Bot - Message "4" sent to d3lph1.contact@gmail.com.
2019-11-08 00:51:49 [INFO] Bot - Given message "пр" from admin@t.com.
2019-11-08 00:51:49 [INFO] Bot - Message "пр" sent to admin@t.com.
2019-11-08 00:51:49 [INFO] Bot - Given message "пр" from admin@t.com.
2019-11-08 00:51:49 [INFO] Bot - Message "пр" sent to admin@t.com.
2019-11-08 00:51:49 [INFO] Bot - Given message "а" from admin@t.com.
2019-11-08 00:51:50 [INFO] Bot - Message "а" sent to admin@t.com.
2019-11-08 00:51:50 [INFO] Bot - Given message "ап" from admin@t.com.
2019-11-08 00:51:50 [INFO] Bot - Message "ап" sent to admin@t.com.
2019-11-08 00:51:50 [INFO] Bot - Given message "р" from admin@t.com.
2019-11-08 00:51:50 [INFO] Bot - Message "р" sent to admin@t.com.
2019-11-08 00:51:50 [INFO] Bot - Given message "ап" from admin@t.com.
2019-11-08 00:51:50 [INFO] Bot - Message "ап" sent to admin@t.com.
2019-11-08 00:51:50 [INFO] Bot - Given message "р" from admin@t.com.
2019-11-08 00:51:50 [INFO] Bot - Message "р" sent to admin@t.com.
2019-11-08 00:51:50 [INFO] Bot - Given message "р" from admin@t.com.
2019-11-08 00:51:51 [INFO] Bot - Message "р" sent to admin@t.com.
2019-11-08 00:51:51 [INFO] Bot - Given message "апр" from admin@t.com.
2019-11-08 00:51:51 [INFO] Bot - Message "апр" sent to admin@t.com.
2019-11-08 00:51:51 [INFO] Bot - Given message "523" from d3lph1.contact@gmail.com.
2019-11-08 00:51:51 [INFO] Bot - Message "523" sent to d3lph1.contact@gmail.com.
2019-11-08 00:51:51 [INFO] Bot - Given message "р" from admin@t.com.
2019-11-08 00:51:51 [INFO] Bot - Message "р" sent to admin@t.com.
2019-11-08 00:51:51 [INFO] Bot - Given message "53" from d3lph1.contact@gmail.com.
2019-11-08 00:51:51 [INFO] Bot - Message "53" sent to d3lph1.contact@gmail.com.
2019-11-08 00:51:51 [INFO] Bot - Given message "апр" from admin@t.com.
2019-11-08 00:51:51 [INFO] Bot - Message "апр" sent to admin@t.com.
2019-11-08 00:51:51 [INFO] Bot - Given message "25" from d3lph1.contact@gmail.com.
2019-11-08 00:51:52 [INFO] Bot - Message "25" sent to d3lph1.contact@gmail.com.
2019-11-08 00:51:52 [INFO] Bot - Given message "а" from admin@t.com.
2019-11-08 00:51:52 [INFO] Bot - Message "а" sent to admin@t.com.
2019-11-08 00:51:52 [INFO] Bot - Given message "р" from admin@t.com.
2019-11-08 00:51:52 [INFO] Bot - Message "р" sent to admin@t.com.
2019-11-08 00:51:52 [INFO] Bot - Given message "апр" from admin@t.com.
2019-11-08 00:51:52 [INFO] Bot - Message "апр" sent to admin@t.com.
2019-11-08 00:51:52 [INFO] Bot - Given message "ап" from admin@t.com.
2019-11-08 00:51:52 [INFO] Bot - Message "ап" sent to admin@t.com.
2019-11-08 00:51:52 [INFO] Bot - Given message "ап" from admin@t.com.
2019-11-08 00:51:53 [INFO] Bot - Message "ап" sent to admin@t.com.
2019-11-08 00:51:53 [INFO] Bot - Given message "ап" from admin@t.com.
2019-11-08 00:51:53 [INFO] Bot - Message "ап" sent to admin@t.com.
2019-11-08 00:51:53 [INFO] Bot - Given message "р" from admin@t.com.
2019-11-08 00:51:53 [INFO] Bot - Message "р" sent to admin@t.com.
2019-11-08 00:51:53 [INFO] Bot - Given message "5235235235235" from d3lph1.contact@gmail.com.
2019-11-08 00:51:53 [INFO] Bot - Message "5235235235235" sent to d3lph1.contact@gmail.com.
2019-11-08 00:51:53 [INFO] Bot - Given message "ап" from admin@t.com.
2019-11-08 00:51:53 [INFO] Bot - Message "ап" sent to admin@t.com.
2019-11-08 00:51:53 [INFO] Bot - Given message "532" from d3lph1.contact@gmail.com.
2019-11-08 00:51:53 [INFO] Bot - Message "532" sent to d3lph1.contact@gmail.com.
2019-11-08 00:51:53 [INFO] Bot - Given message "р" from admin@t.com.
2019-11-08 00:51:54 [INFO] Bot - Message "р" sent to admin@t.com.
2019-11-08 00:51:54 [INFO] Bot - Given message "23" from d3lph1.contact@gmail.com.
2019-11-08 00:51:54 [INFO] Bot - Message "23" sent to d3lph1.contact@gmail.com.
2019-11-08 00:51:54 [INFO] Bot - Given message "апр" from admin@t.com.
2019-11-08 00:51:54 [INFO] Bot - Message "апр" sent to admin@t.com.
2019-11-08 00:51:54 [INFO] Bot - Given message "ар" from admin@t.com.
2019-11-08 00:51:54 [INFO] Bot - Message "ар" sent to admin@t.com.
2019-11-08 00:51:54 [INFO] Bot - Given message "пар" from admin@t.com.
2019-11-08 00:51:54 [INFO] Bot - Message "пар" sent to admin@t.com.
2019-11-08 00:51:54 [INFO] Bot - Given message "ап" from admin@t.com.
2019-11-08 00:51:54 [INFO] Bot - Message "ап" sent to admin@t.com.
2019-11-08 00:51:54 [INFO] Bot - Given message "53" from d3lph1.contact@gmail.com.
2019-11-08 00:51:55 [INFO] Bot - Message "53" sent to d3lph1.contact@gmail.com.
2019-11-08 00:51:55 [INFO] Bot - Given message "ап" from admin@t.com.
2019-11-08 00:51:55 [INFO] Bot - Message "ап" sent to admin@t.com.
2019-11-08 00:51:55 [INFO] Bot - Given message "23" from d3lph1.contact@gmail.com.
2019-11-08 00:51:55 [INFO] Bot - Message "23" sent to d3lph1.contact@gmail.com.
2019-11-08 00:51:55 [INFO] Bot - Given message "пр" from admin@t.com.
2019-11-08 00:51:55 [INFO] Bot - Message "пр" sent to admin@t.com.
2019-11-08 00:51:55 [INFO] Bot - Given message "а" from admin@t.com.
2019-11-08 00:51:55 [INFO] Bot - Message "а" sent to admin@t.com.
2019-11-08 00:51:55 [INFO] Bot - Given message "а" from adminb@admin.com.
2019-11-08 00:51:56 [INFO] Bot - Message "а" sent to adminb@admin.com.
2019-11-08 00:51:56 [INFO] Bot - Given message "а" from admin@t.com.
2019-11-08 00:51:56 [INFO] Bot - Message "а" sent to admin@t.com.
2019-11-08 00:51:56 [INFO] Bot - Given message "аа" from adminb@admin.com.
2019-11-08 00:51:56 [INFO] Bot - Message "аа" sent to adminb@admin.com.
2019-11-08 00:51:56 [INFO] Bot - Given message "а" from adminb@admin.com.
2019-11-08 00:51:56 [INFO] Bot - Message "а" sent to adminb@admin.com.
2019-11-08 00:51:56 [INFO] Bot - Given message "а" from adminb@admin.com.
2019-11-08 00:51:56 [INFO] Bot - Message "а" sent to adminb@admin.com.
2019-11-08 00:51:56 [INFO] Bot - Given message "ап" from admin@t.com.
2019-11-08 00:51:56 [INFO] Bot - Message "ап" sent to admin@t.com.
2019-11-08 00:51:56 [INFO] Bot - Given message "а" from adminb@admin.com.
2019-11-08 00:51:57 [INFO] Bot - Message "а" sent to adminb@admin.com.
2019-11-08 00:51:57 [INFO] Bot - Given message "5" from d3lph1.contact@gmail.com.
2019-11-08 00:51:57 [INFO] Bot - Message "5" sent to d3lph1.contact@gmail.com.
2019-11-08 00:51:57 [INFO] Bot - Given message "а" from admin@t.com.
2019-11-08 00:51:57 [INFO] Bot - Message "а" sent to admin@t.com.
2019-11-08 00:51:57 [INFO] Bot - Given message "532" from d3lph1.contact@gmail.com.
2019-11-08 00:51:57 [INFO] Bot - Message "532" sent to d3lph1.contact@gmail.com.
2019-11-08 00:51:57 [INFO] Bot - Given message "р" from admin@t.com.
2019-11-08 00:51:57 [INFO] Bot - Message "р" sent to admin@t.com.
2019-11-08 00:51:57 [INFO] Bot - Given message "а" from adminb@admin.com.
2019-11-08 00:51:57 [INFO] Bot - Message "а" sent to adminb@admin.com.
2019-11-08 00:51:57 [INFO] Bot - Given message "ап" from admin@t.com.
2019-11-08 00:51:58 [INFO] Bot - Message "ап" sent to admin@t.com.
2019-11-08 00:51:58 [INFO] Bot - Given message "р" from admin@t.com.
2019-11-08 00:51:58 [INFO] Bot - Message "р" sent to admin@t.com.
2019-11-08 00:51:58 [INFO] Bot - Given message "апр" from admin@t.com.
2019-11-08 00:51:58 [INFO] Bot - Message "апр" sent to admin@t.com.
2019-11-08 00:51:58 [INFO] Bot - Given message "а" from adminb@admin.com.
2019-11-08 00:51:58 [INFO] Bot - Message "а" sent to adminb@admin.com.
2019-11-08 00:51:58 [INFO] Bot - Given message "апр" from admin@t.com.
2019-11-08 00:51:58 [INFO] Bot - Message "апр" sent to admin@t.com.
2019-11-08 00:51:58 [INFO] Bot - Given message "аа" from adminb@admin.com.
2019-11-08 00:51:58 [INFO] Bot - Message "аа" sent to adminb@admin.com.
2019-11-08 00:51:58 [INFO] Bot - Given message "р" from admin@t.com.
2019-11-08 00:51:58 [INFO] Bot - Message "р" sent to admin@t.com.
2019-11-08 00:51:59 [INFO] Bot - Given message "а" from adminb@admin.com.
2019-11-08 00:51:59 [INFO] Bot - Message "а" sent to adminb@admin.com.
2019-11-08 00:51:59 [INFO] Bot - Given message "апр" from admin@t.com.
2019-11-08 00:51:59 [INFO] Bot - Message "апр" sent to admin@t.com.
2019-11-08 00:51:59 [INFO] Bot - Given message "а" from adminb@admin.com.
2019-11-08 00:51:59 [INFO] Bot - Message "а" sent to adminb@admin.com.
2019-11-08 00:51:59 [INFO] Bot - Given message "ап" from admin@t.com.
2019-11-08 00:51:59 [INFO] Bot - Message "ап" sent to admin@t.com.
2019-11-08 00:51:59 [INFO] Bot - Given message "а" from adminb@admin.com.
2019-11-08 00:52:00 [INFO] Bot - Message "а" sent to adminb@admin.com.
2019-11-08 00:52:00 [INFO] Bot - Given message "рап" from admin@t.com.
2019-11-08 00:52:00 [INFO] Bot - Message "рап" sent to admin@t.com.
2019-11-08 00:52:00 [INFO] Bot - Given message "а" from adminb@admin.com.
2019-11-08 00:52:00 [INFO] Bot - Message "а" sent to adminb@admin.com.
2019-11-08 00:52:00 [INFO] Bot - Given message "апр" from admin@t.com.
2019-11-08 00:52:00 [INFO] Bot - Message "апр" sent to admin@t.com.
2019-11-08 00:52:00 [INFO] Bot - Given message "а" from adminb@admin.com.
2019-11-08 00:52:00 [INFO] Bot - Message "а" sent to adminb@admin.com.
2019-11-08 00:52:00 [INFO] Bot - Given message "апр" from admin@t.com.
2019-11-08 00:52:00 [INFO] Bot - Message "апр" sent to admin@t.com.
2019-11-08 00:52:00 [INFO] Bot - Given message "а" from adminb@admin.com.
2019-11-08 00:52:00 [INFO] Bot - Message "а" sent to adminb@admin.com.
2019-11-08 00:52:00 [INFO] Bot - Given message "р" from admin@t.com.
2019-11-08 00:52:01 [INFO] Bot - Message "р" sent to admin@t.com.
2019-11-08 00:52:01 [INFO] Bot - Given message "апр" from admin@t.com.
2019-11-08 00:52:01 [INFO] Bot - Message "апр" sent to admin@t.com.
2019-11-08 00:52:01 [INFO] Bot - Given message "а" from adminb@admin.com.
2019-11-08 00:52:01 [INFO] Bot - Message "а" sent to adminb@admin.com.
2019-11-08 00:52:01 [INFO] Bot - Given message "а" from admin@t.com.
2019-11-08 00:52:01 [INFO] Bot - Message "а" sent to admin@t.com.
2019-11-08 00:52:01 [INFO] Bot - Given message "а" from adminb@admin.com.
2019-11-08 00:52:01 [INFO] Bot - Message "а" sent to adminb@admin.com.
2019-11-08 00:52:01 [INFO] Bot - Given message "р" from admin@t.com.
2019-11-08 00:52:01 [INFO] Bot - Message "р" sent to admin@t.com.
2019-11-08 00:52:01 [INFO] Bot - Given message "р" from admin@t.com.
2019-11-08 00:52:02 [INFO] Bot - Message "р" sent to admin@t.com.
2019-11-08 00:52:02 [INFO] Bot - Given message "а" from admin@t.com.
2019-11-08 00:52:02 [INFO] Bot - Message "а" sent to admin@t.com.
2019-11-08 00:52:02 [INFO] Bot - Given message "аа" from adminb@admin.com.
2019-11-08 00:52:02 [INFO] Bot - Message "аа" sent to adminb@admin.com.
2019-11-08 00:52:02 [INFO] Bot - Given message "wrqrqw" from d3lph1.contact@gmail.com.
2019-11-08 00:52:02 [INFO] Bot - Message "wrqrqw" sent to d3lph1.contact@gmail.com.
2019-11-08 00:52:02 [INFO] Bot - Given message "а" from adminb@admin.com.
2019-11-08 00:52:02 [INFO] Bot - Message "а" sent to adminb@admin.com.
2019-11-08 00:52:02 [INFO] Bot - Given message "апр" from admin@t.com.
2019-11-08 00:52:02 [INFO] Bot - Message "апр" sent to admin@t.com.
2019-11-08 00:52:02 [INFO] Bot - Given message "р" from admin@t.com.
2019-11-08 00:52:03 [INFO] Bot - Message "р" sent to admin@t.com.
2019-11-08 00:52:03 [INFO] Bot - Given message "а" from adminb@admin.com.
2019-11-08 00:52:03 [INFO] Bot - Message "а" sent to adminb@admin.com.
2019-11-08 00:52:03 [INFO] Bot - Given message "апр" from admin@t.com.
2019-11-08 00:52:03 [INFO] Bot - Message "апр" sent to admin@t.com.
2019-11-08 00:52:03 [INFO] Bot - Given message "а" from adminb@admin.com.
2019-11-08 00:52:03 [INFO] Bot - Message "а" sent to adminb@admin.com.
2019-11-08 00:52:03 [INFO] Bot - Given message "а" from adminb@admin.com.
2019-11-08 00:52:03 [INFO] Bot - Message "а" sent to adminb@admin.com.
2019-11-08 00:52:03 [INFO] Bot - Given message "ап" from admin@t.com.
2019-11-08 00:52:03 [INFO] Bot - Message "ап" sent to admin@t.com.
2019-11-08 00:52:03 [INFO] Bot - Given message "а" from adminb@admin.com.
2019-11-08 00:52:03 [INFO] Bot - Message "а" sent to adminb@admin.com.
2019-11-08 00:52:03 [INFO] Bot - Given message "а" from admin@t.com.
2019-11-08 00:52:04 [INFO] Bot - Message "а" sent to admin@t.com.
2019-11-08 00:52:04 [INFO] Bot - Given message "а" from adminb@admin.com.
2019-11-08 00:52:04 [INFO] Bot - Message "а" sent to adminb@admin.com.
2019-11-08 00:52:04 [INFO] Bot - Given message "а" from adminb@admin.com.
2019-11-08 00:52:04 [INFO] Bot - Message "а" sent to adminb@admin.com.
2019-11-08 00:52:04 [INFO] Bot - Given message "а" from adminb@admin.com.
2019-11-08 00:52:04 [INFO] Bot - Message "а" sent to adminb@admin.com.
2019-11-08 00:52:04 [INFO] Bot - Given message "ап" from admin@t.com.
2019-11-08 00:52:04 [INFO] Bot - Message "ап" sent to admin@t.com.
2019-11-08 00:52:04 [INFO] Bot - Given message "а" from adminb@admin.com.
2019-11-08 00:52:04 [INFO] Bot - Message "а" sent to adminb@admin.com.
2019-11-08 00:52:04 [INFO] Bot - Given message "а" from adminb@admin.com.
2019-11-08 00:52:05 [INFO] Bot - Message "а" sent to adminb@admin.com.
2019-11-08 00:52:05 [INFO] Bot - Given message "р" from admin@t.com.
2019-11-08 00:52:05 [INFO] Bot - Message "р" sent to admin@t.com.
2019-11-08 00:52:05 [INFO] Bot - Given message "а" from adminb@admin.com.
2019-11-08 00:52:05 [INFO] Bot - Message "а" sent to adminb@admin.com.
2019-11-08 00:52:05 [INFO] Bot - Given message "п" from admin@t.com.
2019-11-08 00:52:05 [INFO] Bot - Message "п" sent to admin@t.com.
2019-11-08 00:52:05 [INFO] Bot - Given message "ь" from adminb@admin.com.
2019-11-08 00:52:05 [INFO] Bot - Message "ь" sent to adminb@admin.com.
2019-11-08 00:52:05 [INFO] Bot - Given message "п" from admin@t.com.
2019-11-08 00:52:06 [INFO] Bot - Message "п" sent to admin@t.com.
2019-11-08 00:52:06 [INFO] Bot - Given message "б" from adminb@admin.com.
2019-11-08 00:52:06 [INFO] Bot - Message "б" sent to adminb@admin.com.
2019-11-08 00:52:06 [INFO] Bot - Given message "ап" from admin@t.com.
2019-11-08 00:52:06 [INFO] Bot - Message "ап" sent to admin@t.com.
2019-11-08 00:52:06 [INFO] Bot - Given message "ап" from admin@t.com.
2019-11-08 00:52:06 [INFO] Bot - Message "ап" sent to admin@t.com.
2019-11-08 00:52:06 [INFO] Bot - Given message "апр" from admin@t.com.
2019-11-08 00:52:06 [INFO] Bot - Message "апр" sent to admin@t.com.
2019-11-08 00:52:06 [INFO] Bot - Given message "а" from adminb@admin.com.
2019-11-08 00:52:06 [INFO] Bot - Message "а" sent to adminb@admin.com.
2019-11-08 00:52:06 [INFO] Bot - Given message "а" from admin@t.com.
2019-11-08 00:52:07 [INFO] Bot - Message "а" sent to admin@t.com.
2019-11-08 00:52:07 [INFO] Bot - Given message "а" from adminb@admin.com.
2019-11-08 00:52:07 [INFO] Bot - Message "а" sent to adminb@admin.com.
2019-11-08 00:52:07 [INFO] Bot - Given message "р" from admin@t.com.
2019-11-08 00:52:07 [INFO] Bot - Message "р" sent to admin@t.com.
2019-11-08 00:52:07 [INFO] Bot - Given message "а" from adminb@admin.com.
2019-11-08 00:52:07 [INFO] Bot - Message "а" sent to adminb@admin.com.
2019-11-08 00:52:07 [INFO] Bot - Given message "ап" from admin@t.com.
2019-11-08 00:52:07 [INFO] Bot - Message "ап" sent to admin@t.com.
2019-11-08 00:52:07 [INFO] Bot - Given message "а" from adminb@admin.com.
2019-11-08 00:52:07 [INFO] Bot - Message "а" sent to adminb@admin.com.
2019-11-08 00:52:07 [INFO] Bot - Given message "аа" from adminb@admin.com.
2019-11-08 00:52:08 [INFO] Bot - Message "аа" sent to adminb@admin.com.
2019-11-08 00:52:08 [INFO] Bot - Given message "ар" from admin@t.com.
2019-11-08 00:52:08 [INFO] Bot - Message "ар" sent to admin@t.com.
2019-11-08 00:52:08 [INFO] Bot - Given message "а" from adminb@admin.com.
2019-11-08 00:52:08 [INFO] Bot - Message "а" sent to adminb@admin.com.
2019-11-08 00:52:08 [INFO] Bot - Given message "+" from adminb@admin.com.
2019-11-08 00:52:08 [INFO] Bot - Message "+" sent to adminb@admin.com.
2019-11-08 00:52:08 [INFO] Bot - Given message "ап" from admin@t.com.
2019-11-08 00:52:08 [INFO] Bot - Message "ап" sent to admin@t.com.
2019-11-08 00:52:08 [INFO] Bot - Given message "аа" from adminb@admin.com.
2019-11-08 00:52:08 [INFO] Bot - Message "аа" sent to adminb@admin.com.
2019-11-08 00:52:08 [INFO] Bot - Given message "ап" from admin@t.com.
2019-11-08 00:52:08 [INFO] Bot - Message "ап" sent to admin@t.com.
2019-11-08 00:52:08 [INFO] Bot - Given message "а" from adminb@admin.com.
2019-11-08 00:52:09 [INFO] Bot - Message "а" sent to adminb@admin.com.
2019-11-08 00:52:09 [INFO] Bot - Given message "апр" from admin@t.com.
2019-11-08 00:52:09 [INFO] Bot - Message "апр" sent to admin@t.com.
2019-11-08 00:52:09 [INFO] Bot - Given message "па" from admin@t.com.
2019-11-08 00:52:09 [INFO] Bot - Message "па" sent to admin@t.com.
2019-11-08 00:52:09 [INFO] Bot - Given message "а" from adminb@admin.com.
2019-11-08 00:52:09 [INFO] Bot - Message "а" sent to adminb@admin.com.
2019-11-08 00:52:09 [INFO] Bot - Given message "паа" from admin@t.com.
2019-11-08 00:52:09 [INFO] Bot - Message "паа" sent to admin@t.com.
2019-11-08 00:52:09 [INFO] Bot - Given message "п" from admin@t.com.
2019-11-08 00:52:09 [INFO] Bot - Message "п" sent to admin@t.com.
2019-11-08 00:52:09 [INFO] Bot - Given message "а" from adminb@admin.com.
2019-11-08 00:52:10 [INFO] Bot - Message "а" sent to adminb@admin.com.
2019-11-08 00:52:10 [INFO] Bot - Given message "п" from admin@t.com.
2019-11-08 00:52:10 [INFO] Bot - Message "п" sent to admin@t.com.
2019-11-08 00:52:10 [INFO] Bot - Given message "п" from admin@t.com.
2019-11-08 00:52:10 [INFO] Bot - Message "п" sent to admin@t.com.
2019-11-08 00:52:10 [INFO] Bot - Given message "аа" from adminb@admin.com.
2019-11-08 00:52:10 [INFO] Bot - Message "аа" sent to adminb@admin.com.
2019-11-08 00:52:10 [INFO] Bot - Given message "п" from admin@t.com.
2019-11-08 00:52:10 [INFO] Bot - Message "п" sent to admin@t.com.
2019-11-08 00:52:10 [INFO] Bot - Given message "а" from adminb@admin.com.
2019-11-08 00:52:10 [INFO] Bot - Message "а" sent to adminb@admin.com.
2019-11-08 00:52:10 [INFO] Bot - Given message "а" from adminb@admin.com.
2019-11-08 00:52:11 [INFO] Bot - Message "а" sent to adminb@admin.com.
2019-11-08 00:52:11 [INFO] Bot - Given message "п" from admin@t.com.
2019-11-08 00:52:11 [INFO] Bot - Message "п" sent to admin@t.com.
2019-11-08 00:52:11 [INFO] Bot - Given message "п" from adminb@admin.com.
2019-11-08 00:52:11 [INFO] Bot - Message "п" sent to adminb@admin.com.
2019-11-08 00:52:11 [INFO] Bot - Given message "п" from admin@t.com.
2019-11-08 00:52:11 [INFO] Bot - Message "п" sent to admin@t.com.
2019-11-08 00:52:11 [INFO] Bot - Given message "п" from adminb@admin.com.
2019-11-08 00:52:11 [INFO] Bot - Message "п" sent to adminb@admin.com.
2019-11-08 00:52:11 [INFO] Bot - Given message "р" from adminb@admin.com.
2019-11-08 00:52:11 [INFO] Bot - Message "р" sent to adminb@admin.com.
2019-11-08 00:52:11 [INFO] Bot - Given message "п" from admin@t.com.
2019-11-08 00:52:11 [INFO] Bot - Message "п" sent to admin@t.com.
2019-11-08 00:52:11 [INFO] Bot - Given message "п" from admin@t.com.
2019-11-08 00:52:12 [INFO] Bot - Message "п" sent to admin@t.com.
2019-11-08 00:52:12 [INFO] Bot - Given message "оь" from adminb@admin.com.
2019-11-08 00:52:12 [INFO] Bot - Message "оь" sent to adminb@admin.com.
2019-11-08 00:52:12 [INFO] Bot - Given message "п" from admin@t.com.
2019-11-08 00:52:12 [INFO] Bot - Message "п" sent to admin@t.com.
2019-11-08 00:52:12 [INFO] Bot - Given message "оь" from adminb@admin.com.
2019-11-08 00:52:12 [INFO] Bot - Message "оь" sent to adminb@admin.com.
2019-11-08 00:52:12 [INFO] Bot - Given message "а" from adminb@admin.com.
2019-11-08 00:52:12 [INFO] Bot - Message "а" sent to adminb@admin.com.
2019-11-08 00:52:12 [INFO] Bot - Given message "rqrwq" from d3lph1.contact@gmail.com.
2019-11-08 00:52:12 [INFO] Bot - Message "rqrwq" sent to d3lph1.contact@gmail.com.
2019-11-08 00:52:12 [INFO] Bot - Given message "а" from adminb@admin.com.
2019-11-08 00:52:13 [INFO] Bot - Message "а" sent to adminb@admin.com.
2019-11-08 00:52:13 [INFO] Bot - Given message "па" from admin@t.com.
2019-11-08 00:52:13 [INFO] Bot - Message "па" sent to admin@t.com.
2019-11-08 00:52:13 [INFO] Bot - Given message "а" from adminb@admin.com.
2019-11-08 00:52:13 [INFO] Bot - Message "а" sent to adminb@admin.com.
2019-11-08 00:52:13 [INFO] Bot - Given message "па" from admin@t.com.
2019-11-08 00:52:13 [INFO] Bot - Message "па" sent to admin@t.com.
2019-11-08 00:52:13 [INFO] Bot - Given message "а" from adminb@admin.com.
2019-11-08 00:52:13 [INFO] Bot - Message "а" sent to adminb@admin.com.
2019-11-08 00:52:13 [INFO] Bot - Given message "а" from adminb@admin.com.
2019-11-08 00:52:13 [INFO] Bot - Message "а" sent to adminb@admin.com.
2019-11-08 00:52:13 [INFO] Bot - Given message "п" from admin@t.com.
2019-11-08 00:52:14 [INFO] Bot - Message "п" sent to admin@t.com.
2019-11-08 00:52:14 [INFO] Bot - Given message "а" from adminb@admin.com.
2019-11-08 00:52:14 [INFO] Bot - Message "а" sent to adminb@admin.com.
2019-11-08 00:52:14 [INFO] Bot - Given message "а" from adminb@admin.com.
2019-11-08 00:52:14 [INFO] Bot - Message "а" sent to adminb@admin.com.
2019-11-08 00:52:14 [INFO] Bot - Given message "п" from admin@t.com.
2019-11-08 00:52:14 [INFO] Bot - Message "п" sent to admin@t.com.
2019-11-08 00:52:14 [INFO] Bot - Given message "п" from adminb@admin.com.
2019-11-08 00:52:14 [INFO] Bot - Message "п" sent to adminb@admin.com.
2019-11-08 00:52:14 [INFO] Bot - Given message "п" from adminb@admin.com.
2019-11-08 00:52:14 [INFO] Bot - Message "п" sent to adminb@admin.com.
2019-11-08 00:52:14 [INFO] Bot - Given message "п" from admin@t.com.
2019-11-08 00:52:14 [INFO] Bot - Message "п" sent to admin@t.com.
2019-11-08 00:52:14 [INFO] Bot - Given message "р" from adminb@admin.com.
2019-11-08 00:52:15 [INFO] Bot - Message "р" sent to adminb@admin.com.
2019-11-08 00:52:15 [INFO] Bot - Given message "оро" from adminb@admin.com.
2019-11-08 00:52:15 [INFO] Bot - Message "оро" sent to adminb@admin.com.
2019-11-08 00:52:15 [INFO] Bot - Given message "п" from admin@t.com.
2019-11-08 00:52:15 [INFO] Bot - Message "п" sent to admin@t.com.
2019-11-08 00:52:15 [INFO] Bot - Given message "п" from admin@t.com.
2019-11-08 00:52:15 [INFO] Bot - Message "п" sent to admin@t.com.
2019-11-08 00:52:15 [INFO] Bot - Given message "оь" from adminb@admin.com.
2019-11-08 00:52:15 [INFO] Bot - Message "оь" sent to adminb@admin.com.
2019-11-08 00:52:15 [INFO] Bot - Given message "п" from admin@t.com.
2019-11-08 00:52:16 [INFO] Bot - Message "п" sent to admin@t.com.
2019-11-08 00:52:16 [INFO] Bot - Given message "п" from admin@t.com.
2019-11-08 00:52:16 [INFO] Bot - Message "п" sent to admin@t.com.
2019-11-08 00:52:16 [INFO] Bot - Given message "п" from admin@t.com.
2019-11-08 00:52:16 [INFO] Bot - Message "п" sent to admin@t.com.
2019-11-08 00:52:16 [INFO] Bot - Given message "f" from d3lph1.contact@gmail.com.
2019-11-08 00:52:17 [INFO] Bot - Message "f" sent to d3lph1.contact@gmail.com.
2019-11-08 00:52:17 [INFO] Bot - Given message "пп" from admin@t.com.
2019-11-08 00:52:17 [INFO] Bot - Message "пп" sent to admin@t.com.
2019-11-08 00:52:17 [INFO] Bot - Given message "п" from admin@t.com.
2019-11-08 00:52:17 [INFO] Bot - Message "п" sent to admin@t.com.
2019-11-08 00:52:17 [INFO] Bot - Given message "п" from admin@t.com.
2019-11-08 00:52:17 [INFO] Bot - Message "п" sent to admin@t.com.
2019-11-08 00:52:17 [INFO] Bot - Given message "п" from admin@t.com.
2019-11-08 00:52:17 [INFO] Bot - Message "п" sent to admin@t.com.
2019-11-08 00:52:17 [INFO] Bot - Given message "п" from admin@t.com.
2019-11-08 00:52:17 [INFO] Bot - Message "п" sent to admin@t.com.
2019-11-08 00:52:17 [INFO] Bot - Given message "п" from admin@t.com.
2019-11-08 00:52:17 [INFO] Bot - Message "п" sent to admin@t.com.
2019-11-08 00:52:17 [INFO] Bot - Given message "п" from admin@t.com.
2019-11-08 00:52:18 [INFO] Bot - Message "п" sent to admin@t.com.
2019-11-08 00:52:18 [INFO] Bot - Given message "п" from admin@t.com.
2019-11-08 00:52:18 [INFO] Bot - Message "п" sent to admin@t.com.
2019-11-08 00:52:18 [INFO] Bot - Given message "б" from adminb@admin.com.
2019-11-08 00:52:18 [INFO] Bot - Message "б" sent to adminb@admin.com.
2019-11-08 00:52:18 [INFO] Bot - Given message "п" from admin@t.com.
2019-11-08 00:52:18 [INFO] Bot - Message "п" sent to admin@t.com.
2019-11-08 00:52:18 [INFO] Bot - Given message "ь" from adminb@admin.com.
2019-11-08 00:52:18 [INFO] Bot - Message "ь" sent to adminb@admin.com.
2019-11-08 00:52:18 [INFO] Bot - Given message "п" from admin@t.com.
2019-11-08 00:52:18 [INFO] Bot - Message "п" sent to admin@t.com.
2019-11-08 00:52:18 [INFO] Bot - Given message "л" from adminb@admin.com.
2019-11-08 00:52:19 [INFO] Bot - Message "л" sent to adminb@admin.com.
2019-11-08 00:52:19 [INFO] Bot - Given message "п" from admin@t.com.
2019-11-08 00:52:19 [INFO] Bot - Message "п" sent to admin@t.com.
2019-11-08 00:52:19 [INFO] Bot - Given message "п" from admin@t.com.
2019-11-08 00:52:19 [INFO] Bot - Message "п" sent to admin@t.com.
2019-11-08 00:52:19 [INFO] Bot - Given message "п" from admin@t.com.
2019-11-08 00:52:19 [INFO] Bot - Message "п" sent to admin@t.com.
2019-11-08 00:52:19 [INFO] Bot - Given message "п" from admin@t.com.
2019-11-08 00:52:19 [INFO] Bot - Message "п" sent to admin@t.com.
2019-11-08 00:52:19 [INFO] Bot - Given message "б" from adminb@admin.com.
2019-11-08 00:52:19 [INFO] Bot - Message "б" sent to adminb@admin.com.
2019-11-08 00:52:19 [INFO] Bot - Given message "бб" from adminb@admin.com.
2019-11-08 00:52:20 [INFO] Bot - Message "бб" sent to adminb@admin.com.
2019-11-08 00:52:20 [INFO] Bot - Given message "п" from admin@t.com.
2019-11-08 00:52:20 [INFO] Bot - Message "п" sent to admin@t.com.
2019-11-08 00:52:20 [INFO] Bot - Given message "п" from admin@t.com.
2019-11-08 00:52:20 [INFO] Bot - Message "п" sent to admin@t.com.
2019-11-08 00:52:20 [INFO] Bot - Given message "л" from adminb@admin.com.
2019-11-08 00:52:20 [INFO] Bot - Message "л" sent to adminb@admin.com.
2019-11-08 00:52:20 [INFO] Bot - Given message "л" from adminb@admin.com.
2019-11-08 00:52:20 [INFO] Bot - Message "л" sent to adminb@admin.com.
2019-11-08 00:52:20 [INFO] Bot - Given message "лол" from adminb@admin.com.
2019-11-08 00:52:20 [INFO] Bot - Message "лол" sent to adminb@admin.com.
2019-11-08 00:52:20 [INFO] Bot - Given message "пп" from admin@t.com.
2019-11-08 00:52:20 [INFO] Bot - Message "пп" sent to admin@t.com.
2019-11-08 00:52:20 [INFO] Bot - Given message "л" from adminb@admin.com.
2019-11-08 00:52:21 [INFO] Bot - Message "л" sent to adminb@admin.com.
2019-11-08 00:52:21 [INFO] Bot - Given message "л" from adminb@admin.com.
2019-11-08 00:52:21 [INFO] Bot - Message "л" sent to adminb@admin.com.
2019-11-08 00:52:21 [INFO] Bot - Given message "п" from admin@t.com.
2019-11-08 00:52:21 [INFO] Bot - Message "п" sent to admin@t.com.
2019-11-08 00:52:21 [INFO] Bot - Given message "п" from admin@t.com.
2019-11-08 00:52:21 [INFO] Bot - Message "п" sent to admin@t.com.
2019-11-08 00:52:21 [INFO] Bot - Given message "п" from admin@t.com.
2019-11-08 00:52:21 [INFO] Bot - Message "п" sent to admin@t.com.
2019-11-08 00:52:21 [INFO] Bot - Given message "п" from admin@t.com.
2019-11-08 00:52:21 [INFO] Bot - Message "п" sent to admin@t.com.
2019-11-08 00:52:21 [INFO] Bot - Given message "п" from admin@t.com.
2019-11-08 00:52:22 [INFO] Bot - Message "п" sent to admin@t.com.
2019-11-08 00:52:22 [INFO] Bot - Given message "пп" from admin@t.com.
2019-11-08 00:52:22 [INFO] Bot - Message "пп" sent to admin@t.com.
2019-11-08 00:52:22 [INFO] Bot - Given message "п" from admin@t.com.
2019-11-08 00:52:22 [INFO] Bot - Message "п" sent to admin@t.com.
2019-11-08 00:52:22 [INFO] Bot - Given message "пп" from admin@t.com.
2019-11-08 00:52:22 [INFO] Bot - Message "пп" sent to admin@t.com.
2019-11-08 00:52:22 [INFO] Bot - Given message "п" from admin@t.com.
2019-11-08 00:52:22 [INFO] Bot - Message "п" sent to admin@t.com.
2019-11-08 00:52:22 [INFO] Bot - Given message "п" from admin@t.com.
2019-11-08 00:52:22 [INFO] Bot - Message "п" sent to admin@t.com.
2019-11-08 00:52:22 [INFO] Bot - Given message "п" from admin@t.com.
2019-11-08 00:52:22 [INFO] Bot - Message "п" sent to admin@t.com.
2019-11-08 00:52:22 [INFO] Bot - Given message "п" from admin@t.com.
2019-11-08 00:52:23 [INFO] Bot - Message "п" sent to admin@t.com.
2019-11-08 00:52:23 [INFO] Bot - Given message "пп" from admin@t.com.
2019-11-08 00:52:23 [INFO] Bot - Message "пп" sent to admin@t.com.
2019-11-08 00:52:23 [INFO] Bot - Given message "п" from admin@t.com.
2019-11-08 00:52:23 [INFO] Bot - Message "п" sent to admin@t.com.
2019-11-08 00:52:23 [INFO] Bot - Given message "пп" from admin@t.com.
2019-11-08 00:52:23 [INFO] Bot - Message "пп" sent to admin@t.com.
2019-11-08 00:52:23 [INFO] Bot - Given message "п" from admin@t.com.
2019-11-08 00:52:23 [INFO] Bot - Message "п" sent to admin@t.com.
2019-11-08 00:52:23 [INFO] Bot - Given message "п" from admin@t.com.
2019-11-08 00:52:23 [INFO] Bot - Message "п" sent to admin@t.com.
2019-11-08 00:52:23 [INFO] Bot - Given message "п" from admin@t.com.
2019-11-08 00:52:24 [INFO] Bot - Message "п" sent to admin@t.com.
2019-11-08 00:52:24 [INFO] Bot - Given message "п" from admin@t.com.
2019-11-08 00:52:24 [INFO] Bot - Message "п" sent to admin@t.com.
2019-11-08 00:52:24 [INFO] Bot - Given message "п" from admin@t.com.
2019-11-08 00:52:24 [INFO] Bot - Message "п" sent to admin@t.com.
2019-11-08 00:52:24 [INFO] Bot - Given message "п" from admin@t.com.
2019-11-08 00:52:24 [INFO] Bot - Message "п" sent to admin@t.com.
2019-11-08 00:52:49 [INFO] Bot - Given message "сячсчя" from d3lph1.contact@gmail.com.
2019-11-08 00:52:49 [INFO] Bot - Message "сячсчя" sent to d3lph1.contact@gmail.com.
2019-11-08 12:26:06 [INFO] Bot - Attempting to login with email "bot@admin.com"...
2019-11-08 12:26:06 [INFO] Bot - Logged in.
2019-11-08 12:26:10 [INFO] Bot - Given message "fd" from admin@admin.com.
2019-11-08 12:26:10 [INFO] Bot - Message "fd" sent to admin@admin.com.
2019-11-08 12:26:12 [INFO] Bot - Given message "fsd" from admin@admin.com.
2019-11-08 12:26:12 [INFO] Bot - Message "fsd" sent to admin@admin.com.
2019-11-08 12:26:13 [INFO] Bot - Given message "23" from admin@admin.com.
2019-11-08 12:26:13 [INFO] Bot - Message "23" sent to admin@admin.com.
